-------------------------------------------------------------------------------
Test set: jabberpoint.slideitem.items.TextItemTest
-------------------------------------------------------------------------------
Tests run: 6, Failures: 0, Errors: 1, Skipped: 0, Time elapsed: 0.846 sec <<< FAILURE! - in jabberpoint.slideitem.items.TextItemTest
testGetBoundingBox  Time elapsed: 0.015 sec  <<< ERROR!
java.lang.ClassCastException: class org.mockito.codegen.Graphics$MockitoMock$1757877540 cannot be cast to class java.awt.Graphics2D (org.mockito.codegen.Graphics$MockitoMock$1757877540 is in unnamed module of loader 'app'; java.awt.Graphics2D is in module java.desktop of loader 'bootstrap')
	at jabberpoint.slideitem.items.TextItemTest.testGetBoundingBox(TextItemTest.java:79)

