-------------------------------------------------------------------------------
Test set: jabberpoint.controller.menucontroller.MenuControllerTest
-------------------------------------------------------------------------------
Tests run: 5, Failures: 0, Errors: 1, Skipped: 0, Time elapsed: 2.489 sec <<< FAILURE! - in jabberpoint.controller.menucontroller.MenuControllerTest
openSlideMenuItem_callOpenFileCommand_oneExecution  Time elapsed: 0.329 sec  <<< ERROR!
java.lang.NullPointerException: Cannot invoke "java.util.ArrayList.add(Object)" because "this.showList" is null
	at jabberpoint.controller.menucontroller.MenuControllerTest.simulateMenuItemAction(MenuControllerTest.java:98)
	at jabberpoint.controller.menucontroller.MenuControllerTest.openSlideMenuItem_callOpenFileCommand_oneExecution(MenuControllerTest.java:62)

