<?xml version="1.0" encoding="UTF-8"?>
<testsuite xmlns:xsi="http://www.w3.org/2001/XMLSchema-instance" xsi:schemaLocation="https://maven.apache.org/surefire/maven-surefire-plugin/xsd/surefire-test-report.xsd" name="jabberpoint.style.builder.SubtitleTwoStyleBuilderTest" time="0.01" tests="9" errors="0" skipped="0" failures="0">
  <properties>
[...]
</properties>
  <testcase name="setLeading_zero_expectNoException" classname="jabberpoint.style.builder.SubtitleTwoStyleBuilderTest" time="0"/>
  <testcase name="setLeading_one_expectNoException" classname="jabberpoint.style.builder.SubtitleTwoStyleBuilderTest" time="0"/>
  <testcase name="setFontSize_zero_expectException" classname="jabberpoint.style.builder.SubtitleTwoStyleBuilderTest" time="0"/>
  <testcase name="setIndent_zero_expectNoException" classname="jabberpoint.style.builder.SubtitleTwoStyleBuilderTest" time="0"/>
  <testcase name="setLeading_negativeOne_expectException" classname="jabberpoint.style.builder.SubtitleTwoStyleBuilderTest" time="0"/>
  <testcase name="setIndent_negativeOne_expectException" classname="jabberpoint.style.builder.SubtitleTwoStyleBuilderTest" time="0"/>
  <testcase name="setFontSize_negativeOne_expectException" classname="jabberpoint.style.builder.SubtitleTwoStyleBuilderTest" time="0.002"/>
  <testcase name="setIndent_one_expectNoException" classname="jabberpoint.style.builder.SubtitleTwoStyleBuilderTest" time="0.002"/>
  <testcase name="setFontSize_one_expectNoException" classname="jabberpoint.style.builder.SubtitleTwoStyleBuilderTest" time="0.003"/>
</testsuite>